{"name": "Проверка выпадающего списка в разделе \"Вопросы о важном\"", "status": "broken", "statusDetails": {"message": "selenium.common.exceptions.TimeoutException: Message:", "trace": "self = <test_main_page.TestQuestionsSections object at 0x10212f590>\ndriver = <selenium.webdriver.firefox.webdriver.WebDriver (session=\"491ab21b-8cac-437b-95a4-071ae916c0d6\")>, num = 3\ntext = 'Допустим, вы оформляете заказ на 8 мая. Мы привозим самокат 8 мая в течение дня. Отсчёт времени аренды начинается с м...та, когда вы оплатите заказ курьеру. Если мы привезли самокат 8 мая в 20:30, суточная аренда закончится 9 мая в 20:30.'\n\n    @allure.title(\n        'Проверка выпадающего списка в разделе \"Вопросы о важном\"')\n    @allure.description(\n        'На главной странице найти раздел, нажать на вопросы и проверить, что текст ответов соответствующий')\n    @pytest.mark.parametrize(\"num,text\", sections_test_data)\n    def test_get_answer(self, driver, num, text):\n        question_section = MainPageScooter(driver)\n        question_section.main_page()\n        question_section.scroll_to_questions_section()\n>       question_section.wait_for_scroll_to_questions_section()\n\ntests.py/test_main_page.py:29: \n_ _ _ _ _ _ _ _ _ _ _ _ _ _ _ _ _ _ _ _ _ _ _ _ _ _ _ _ _ _ _ _ _ _ _ _ _ _ _ _ _ _ _ _ _ _ _ _ _ _ _ _ _ _ _ _ _ _ _ _ _ _ _ _ _ _ _ _ _ _ _ _ _ _ _ _ _ _ _ _ _ _ _ _ _ _ \npages/main_page_pages.py:28: in wait_for_scroll_to_questions_section\n    WebDriverWait(self.driver, 10).until(\n_ _ _ _ _ _ _ _ _ _ _ _ _ _ _ _ _ _ _ _ _ _ _ _ _ _ _ _ _ _ _ _ _ _ _ _ _ _ _ _ _ _ _ _ _ _ _ _ _ _ _ _ _ _ _ _ _ _ _ _ _ _ _ _ _ _ _ _ _ _ _ _ _ _ _ _ _ _ _ _ _ _ _ _ _ _ \n\nself = <selenium.webdriver.support.wait.WebDriverWait (session=\"491ab21b-8cac-437b-95a4-071ae916c0d6\")>\nmethod = <function visibility_of_element_located.<locals>._predicate at 0x1021823e0>, message = ''\n\n    def until(self, method, message: str = \"\"):\n        \"\"\"Calls the method provided with the driver as an argument until the \\\n        return value does not evaluate to ``False``.\n    \n        :param method: callable(WebDriver)\n        :param message: optional message for :exc:`TimeoutException`\n        :returns: the result of the last call to `method`\n        :raises: :exc:`selenium.common.exceptions.TimeoutException` if timeout occurs\n        \"\"\"\n        screen = None\n        stacktrace = None\n    \n        end_time = time.monotonic() + self._timeout\n        while True:\n            try:\n                value = method(self._driver)\n                if value:\n                    return value\n            except self._ignored_exceptions as exc:\n                screen = getattr(exc, \"screen\", None)\n                stacktrace = getattr(exc, \"stacktrace\", None)\n            time.sleep(self._poll)\n            if time.monotonic() > end_time:\n                break\n>       raise TimeoutException(message, screen, stacktrace)\nE       selenium.common.exceptions.TimeoutException: Message:\n\nlib/python3.11/site-packages/selenium/webdriver/support/wait.py:95: TimeoutException"}, "description": "На главной странице найти раздел, нажать на вопросы и проверить, что текст ответов соответствующий", "steps": [{"name": "Открываем страницу https://qa-scooter.praktikum-services.ru", "status": "passed", "start": 1684321470382, "stop": 1684321516339}, {"name": "Перейти к разделу \"Вопросы о важном\"", "status": "passed", "start": 1684321516339, "stop": 1684321516356}], "parameters": [{"name": "num", "value": "3"}, {"name": "text", "value": "'Допустим, вы оформляете заказ на 8 мая. Мы привозим самокат 8 мая в течение дня. Отсчёт времени аренды начинается с момента, когда вы оплатите заказ курьеру. Если мы привезли самокат 8 мая в 20:30, суточная аренда закончится 9 мая в 20:30.'"}], "start": 1684321470382, "stop": 1684321526768, "uuid": "4bab5f85-bc72-4d4c-bdba-27159a9044b2", "historyId": "6a251351240d32a566e2e3ac2963c33b", "testCaseId": "412440b1f830cac1684bc10ce52751ce", "fullName": "tests.py.test_main_page.TestQuestionsSections#test_get_answer", "labels": [{"name": "tag", "value": "@pytest.mark.usefixtures('driver')"}, {"name": "parentSuite", "value": "tests.py"}, {"name": "suite", "value": "test_main_page"}, {"name": "subSuite", "value": "TestQuestionsSections"}, {"name": "host", "value": "Air-Pshonka11"}, {"name": "thread", "value": "2984-MainThread"}, {"name": "framework", "value": "pytest"}, {"name": "language", "value": "cpython3"}, {"name": "package", "value": "tests.py.test_main_page"}]}